[debug] [2022-08-18T08:39:55.156Z] ----------------------------------------------------------------------
[debug] [2022-08-18T08:39:55.164Z] Command:       C:\Program Files\nodejs\node.exe C:\Users\arfat sawant\AppData\Roaming\npm\node_modules\firebase-tools\lib\bin\firebase.js init
[debug] [2022-08-18T08:39:55.167Z] CLI Version:   11.7.0
[debug] [2022-08-18T08:39:55.169Z] Platform:      win32
[debug] [2022-08-18T08:39:55.169Z] Node Version:  v16.16.0
[debug] [2022-08-18T08:39:55.173Z] Time:          Thu Aug 18 2022 14:09:55 GMT+0530 (India Standard Time)
[debug] [2022-08-18T08:39:55.175Z] ----------------------------------------------------------------------
[debug] 
[debug] [2022-08-18T08:39:55.540Z] > command requires scopes: ["email","openid","https://www.googleapis.com/auth/cloudplatformprojects.readonly","https://www.googleapis.com/auth/firebase","https://www.googleapis.com/auth/cloud-platform"]
[debug] [2022-08-18T08:39:55.543Z] > authorizing via signed-in user (arfatsawant8743@gmail.com)
[info] 
     ######## #### ########  ######## ########     ###     ######  ########
     ##        ##  ##     ## ##       ##     ##  ##   ##  ##       ##
     ######    ##  ########  ######   ########  #########  ######  ######
     ##        ##  ##    ##  ##       ##     ## ##     ##       ## ##
     ##       #### ##     ## ######## ########  ##     ##  ######  ########

You're about to initialize a Firebase project in this directory:

  C:\Users\arfat sawant

Before we get started, keep in mind:

  * You are initializing within an existing Firebase project directory

[info] 
=== Project Setup
[info] 
[info] First, let's associate this project directory with a Firebase project.
[info] You can create multiple project aliases by running firebase use --add, 
[info] but for now we'll just set up a default project.
[info] 
[debug] [2022-08-18T08:40:08.620Z] Using project from CLI flag: onlinemeal-62008
[debug] [2022-08-18T08:40:08.631Z] > refreshing access token with scopes: []
[debug] [2022-08-18T08:40:08.640Z] >>> [apiv2][query] POST https://www.googleapis.com/oauth2/v3/token [none]
[debug] [2022-08-18T08:40:08.640Z] >>> [apiv2][body] POST https://www.googleapis.com/oauth2/v3/token [omitted]
[debug] [2022-08-18T08:40:25.386Z] Authentication Error: Your credentials are no longer valid. Please run firebase login --reauth

For CI servers and headless environments, generate a new token with firebase login:ci
[debug] [2022-08-18T08:40:30.428Z] Error: Timed out.
    at Timeout._onTimeout (C:\Users\arfat sawant\AppData\Roaming\npm\node_modules\firebase-tools\lib\utils.js:253:49)
    at listOnTimeout (node:internal/timers:559:17)
    at processTimers (node:internal/timers:502:7)
[error] 
[error] Error: An unexpected error has occurred.
